# JRE version: Java(TM) SE Runtime Environment (14.0.2+12) (build 14.0.2+12-46)
# Java VM: Java HotSpot(TM) 64-Bit Server VM (14.0.2+12-46, mixed mode, sharing, tiered, compressed oops, g1 gc, windows-amd64)
Heap:
 garbage-first heap   total 49152K, used 14638K [0x0000000083200000, 0x0000000100000000)
  region size 1024K, 6 young (6144K), 3 survivors (3072K)
 Metaspace       used 26256K, capacity 26811K, committed 26928K, reserved 1073152K
  class space    used 2959K, capacity 3183K, committed 3200K, reserved 1048576K
GC Heap History (14 events):
Event: 6.003 GC heap before
{Heap before GC invocations=0 (full 0):
 garbage-first heap   total 129024K, used 23552K [0x0000000083200000, 0x0000000100000000)
  region size 1024K, 23 young (23552K), 0 survivors (0K)
 Metaspace       used 13717K, capacity 14097K, committed 14336K, reserved 1062912K
  class space    used 1556K, capacity 1720K, committed 1792K, reserved 1048576K
}
Event: 6.009 GC heap after
{Heap after GC invocations=1 (full 0):
 garbage-first heap   total 129024K, used 5633K [0x0000000083200000, 0x0000000100000000)
  region size 1024K, 3 young (3072K), 3 survivors (3072K)
 Metaspace       used 13717K, capacity 14097K, committed 14336K, reserved 1062912K
  class space    used 1556K, capacity 1720K, committed 1792K, reserved 1048576K
}
Event: 13.138 GC heap before
{Heap before GC invocations=1 (full 0):
 garbage-first heap   total 129024K, used 26113K [0x0000000083200000, 0x0000000100000000)
  region size 1024K, 23 young (23552K), 3 survivors (3072K)
 Metaspace       used 20828K, capacity 21183K, committed 21296K, reserved 1069056K
  class space    used 2473K, capacity 2633K, committed 2688K, reserved 1048576K
}
Event: 13.144 GC heap after
{Heap after GC invocations=2 (full 0):
 garbage-first heap   total 129024K, used 11189K [0x0000000083200000, 0x0000000100000000)
  region size 1024K, 4 young (4096K), 4 survivors (4096K)
 Metaspace       used 20828K, capacity 21183K, committed 21296K, reserved 1069056K
  class space    used 2473K, capacity 2633K, committed 2688K, reserved 1048576K
}
Event: 36.276 GC heap before
{Heap before GC invocations=3 (full 0):
 garbage-first heap   total 48128K, used 41909K [0x0000000083200000, 0x0000000100000000)
  region size 1024K, 22 young (22528K), 4 survivors (4096K)
 Metaspace       used 23407K, capacity 23872K, committed 24240K, reserved 1071104K
  class space    used 2760K, capacity 2957K, committed 3072K, reserved 1048576K
}
Event: 36.281 GC heap after
{Heap after GC invocations=4 (full 0):
 garbage-first heap   total 49152K, used 23223K [0x0000000083200000, 0x0000000100000000)
  region size 1024K, 5 young (5120K), 5 survivors (5120K)
 Metaspace       used 23407K, capacity 23872K, committed 24240K, reserved 1071104K
  class space    used 2760K, capacity 2957K, committed 3072K, reserved 1048576K
}
Event: 83.661 GC heap before
{Heap before GC invocations=5 (full 0):
 garbage-first heap   total 49152K, used 36535K [0x0000000083200000, 0x0000000100000000)
  region size 1024K, 18 young (18432K), 5 survivors (5120K)
 Metaspace       used 23881K, capacity 24413K, committed 24752K, reserved 1071104K
  class space    used 2769K, capacity 2960K, committed 3072K, reserved 1048576K
}
Event: 83.670 GC heap after
{Heap after GC invocations=6 (full 0):
 garbage-first heap   total 49152K, used 13104K [0x0000000083200000, 0x0000000100000000)
  region size 1024K, 2 young (2048K), 2 survivors (2048K)
 Metaspace       used 23881K, capacity 24413K, committed 24752K, reserved 1071104K
  class space    used 2769K, capacity 2960K, committed 3072K, reserved 1048576K
}
Event: 154.936 GC heap before
{Heap before GC invocations=6 (full 0):
 garbage-first heap   total 49152K, used 33584K [0x0000000083200000, 0x0000000100000000)
  region size 1024K, 23 young (23552K), 2 survivors (2048K)
 Metaspace       used 24253K, capacity 24762K, committed 25008K, reserved 1071104K
  class space    used 2774K, capacity 2966K, committed 3072K, reserved 1048576K
}
Event: 154.941 GC heap after
{Heap after GC invocations=7 (full 0):
 garbage-first heap   total 49152K, used 11186K [0x0000000083200000, 0x0000000100000000)
  region size 1024K, 2 young (2048K), 2 survivors (2048K)
 Metaspace       used 24253K, capacity 24762K, committed 25008K, reserved 1071104K
  class space    used 2774K, capacity 2966K, committed 3072K, reserved 1048576K
}
Event: 291.868 GC heap before
{Heap before GC invocations=7 (full 0):
 garbage-first heap   total 49152K, used 34738K [0x0000000083200000, 0x0000000100000000)
  region size 1024K, 25 young (25600K), 2 survivors (2048K)
 Metaspace       used 24572K, capacity 25091K, committed 25264K, reserved 1071104K
  class space    used 2785K, capacity 2967K, committed 3072K, reserved 1048576K
}
Event: 291.873 GC heap after
{Heap after GC invocations=8 (full 0):
 garbage-first heap   total 49152K, used 12034K [0x0000000083200000, 0x0000000100000000)
  region size 1024K, 3 young (3072K), 3 survivors (3072K)
 Metaspace       used 24572K, capacity 25091K, committed 25264K, reserved 1071104K
  class space    used 2785K, capacity 2967K, committed 3072K, reserved 1048576K
}
Event: 322.644 GC heap before
{Heap before GC invocations=8 (full 0):
 garbage-first heap   total 49152K, used 35586K [0x0000000083200000, 0x0000000100000000)
  region size 1024K, 26 young (26624K), 3 survivors (3072K)
 Metaspace       used 26205K, capacity 26763K, committed 26928K, reserved 1073152K
  class space    used 2955K, capacity 3175K, committed 3200K, reserved 1048576K
}
Event: 322.650 GC heap after
{Heap after GC invocations=9 (full 0):
 garbage-first heap   total 49152K, used 12590K [0x0000000083200000, 0x0000000100000000)
  region size 1024K, 3 young (3072K), 3 survivors (3072K)
 Metaspace       used 26205K, capacity 26763K, committed 26928K, reserved 1073152K
  class space    used 2955K, capacity 3175K, committed 3200K, reserved 1048576K
}

